[1118/135808.617:ERROR:process_memory_win.cc(73)] ReadMemory at 0x7ff64b210000 of 64 bytes failed: Only part of a ReadProcessMemory or WriteProcessMemory request was completed. (0x12B)
[1118/135808.620:WARNING:pe_image_reader.cc(340)] could not read dos header from C:\Program Files (x86)\Google\Chrome\Application\chrome.exe
[1118/135808.620:ERROR:process_memory_win.cc(73)] ReadMemory at 0x7ffb000f0000 of 64 bytes failed: Only part of a ReadProcessMemory or WriteProcessMemory request was completed. (0x12B)
[1118/135808.620:WARNING:pe_image_reader.cc(340)] could not read dos header from C:\WINDOWS\SYSTEM32\ntdll.dll
[1118/135808.620:ERROR:process_memory_win.cc(73)] ReadMemory at 0x7ffafe9c0000 of 64 bytes failed: Only part of a ReadProcessMemory or WriteProcessMemory request was completed. (0x12B)
[1118/135808.621:WARNING:pe_image_reader.cc(340)] could not read dos header from C:\WINDOWS\System32\KERNEL32.DLL
[1118/135808.621:ERROR:process_memory_win.cc(73)] ReadMemory at 0x7ffafda90000 of 64 bytes failed: Only part of a ReadProcessMemory or WriteProcessMemory request was completed. (0x12B)
[1118/135808.621:WARNING:pe_image_reader.cc(340)] could not read dos header from C:\WINDOWS\System32\KERNELBASE.dll
[1118/135808.621:ERROR:process_memory_win.cc(73)] ReadMemory at 0x7ffac1830000 of 64 bytes failed: Only part of a ReadProcessMemory or WriteProcessMemory request was completed. (0x12B)
[1118/135808.621:WARNING:pe_image_reader.cc(340)] could not read dos header from C:\Program Files (x86)\Google\Chrome\Application\78.0.3904.97\chrome_elf.dll
[1118/135808.621:ERROR:process_memory_win.cc(73)] ReadMemory at 0x7ffaefec0000 of 64 bytes failed: Only part of a ReadProcessMemory or WriteProcessMemory request was completed. (0x12B)
[1118/135808.621:WARNING:pe_image_reader.cc(340)] could not read dos header from C:\WINDOWS\SYSTEM32\VERSION.dll
[1118/135808.621:ERROR:process_memory_win.cc(73)] ReadMemory at 0x7ffafff50000 of 64 bytes failed: Only part of a ReadProcessMemory or WriteProcessMemory request was completed. (0x12B)
[1118/135808.621:WARNING:pe_image_reader.cc(340)] could not read dos header from C:\WINDOWS\System32\msvcrt.dll
[1118/135808.621:ERROR:process_memory_win.cc(73)] ReadMemory at 0x7ffafefb0000 of 64 bytes failed: Only part of a ReadProcessMemory or WriteProcessMemory request was completed. (0x12B)
[1118/135808.621:WARNING:pe_image_reader.cc(340)] could not read dos header from C:\WINDOWS\System32\ADVAPI32.dll
[1118/135808.621:ERROR:process_memory_win.cc(73)] ReadMemory at 0x7ffaffdc0000 of 64 bytes failed: Only part of a ReadProcessMemory or WriteProcessMemory request was completed. (0x12B)
[1118/135808.621:WARNING:pe_image_reader.cc(340)] could not read dos header from C:\WINDOWS\System32\sechost.dll
[1118/135808.622:ERROR:process_memory_win.cc(73)] ReadMemory at 0x7ffafeab0000 of 64 bytes failed: Only part of a ReadProcessMemory or WriteProcessMemory request was completed. (0x12B)
[1118/135808.622:WARNING:pe_image_reader.cc(340)] could not read dos header from C:\WINDOWS\System32\RPCRT4.dll
[1118/135808.622:ERROR:process_memory_win.cc(73)] ReadMemory at 0x7ffafece0000 of 64 bytes failed: Only part of a ReadProcessMemory or WriteProcessMemory request was completed. (0x12B)
[1118/135808.622:WARNING:pe_image_reader.cc(340)] could not read dos header from C:\WINDOWS\System32\user32.dll
[1118/135808.622:ERROR:process_memory_win.cc(73)] ReadMemory at 0x7ffafd900000 of 64 bytes failed: Only part of a ReadProcessMemory or WriteProcessMemory request was completed. (0x12B)
[1118/135808.622:WARNING:pe_image_reader.cc(340)] could not read dos header from C:\WINDOWS\System32\win32u.dll
[1118/135808.622:ERROR:process_memory_win.cc(73)] ReadMemory at 0x7ffaffd90000 of 64 bytes failed: Only part of a ReadProcessMemory or WriteProcessMemory request was completed. (0x12B)
[1118/135808.622:WARNING:pe_image_reader.cc(340)] could not read dos header from C:\WINDOWS\System32\GDI32.dll
[1118/135808.622:ERROR:process_memory_win.cc(73)] ReadMemory at 0x7ffafdf90000 of 64 bytes failed: Only part of a ReadProcessMemory or WriteProcessMemory request was completed. (0x12B)
[1118/135808.622:WARNING:pe_image_reader.cc(340)] could not read dos header from C:\WINDOWS\System32\gdi32full.dll
[1118/135808.622:ERROR:process_memory_win.cc(73)] ReadMemory at 0x7ffafd860000 of 64 bytes failed: Only part of a ReadProcessMemory or WriteProcessMemory request was completed. (0x12B)
[1118/135808.622:WARNING:pe_image_reader.cc(340)] could not read dos header from C:\WINDOWS\System32\msvcp_win.dll
[1118/135808.622:ERROR:process_memory_win.cc(73)] ReadMemory at 0x7ffafd990000 of 64 bytes failed: Only part of a ReadProcessMemory or WriteProcessMemory request was completed. (0x12B)
[1118/135808.622:WARNING:pe_image_reader.cc(340)] could not read dos header from C:\WINDOWS\System32\ucrtbase.dll
[1118/135808.622:ERROR:process_memory_win.cc(73)] ReadMemory at 0x7ffafea80000 of 64 bytes failed: Only part of a ReadProcessMemory or WriteProcessMemory request was completed. (0x12B)
[1118/135808.622:WARNING:pe_image_reader.cc(340)] could not read dos header from C:\WINDOWS\System32\IMM32.DLL
[1118/135808.622:ERROR:process_memory_win.cc(73)] ReadMemory at 0x7ffa8e400000 of 64 bytes failed: Only part of a ReadProcessMemory or WriteProcessMemory request was completed. (0x12B)
[1118/135808.622:WARNING:pe_image_reader.cc(340)] could not read dos header from C:\Program Files (x86)\Google\Chrome\Application\78.0.3904.97\chrome_child.dll
[1118/135808.622:ERROR:process_memory_win.cc(73)] ReadMemory at 0x7ffaffcc0000 of 64 bytes failed: Only part of a ReadProcessMemory or WriteProcessMemory request was completed. (0x12B)
[1118/135808.622:WARNING:pe_image_reader.cc(340)] could not read dos header from C:\WINDOWS\System32\OLEAUT32.dll
[1118/135808.622:ERROR:process_memory_win.cc(73)] ReadMemory at 0x7ffafe180000 of 64 bytes failed: Only part of a ReadProcessMemory or WriteProcessMemory request was completed. (0x12B)
[1118/135808.622:WARNING:pe_image_reader.cc(340)] could not read dos header from C:\WINDOWS\System32\combase.dll
[1118/135808.622:ERROR:process_memory_win.cc(73)] ReadMemory at 0x7ffafef40000 of 64 bytes failed: Only part of a ReadProcessMemory or WriteProcessMemory request was completed. (0x12B)
[1118/135808.622:WARNING:pe_image_reader.cc(340)] could not read dos header from C:\WINDOWS\System32\WS2_32.dll
[1118/135808.622:ERROR:process_memory_win.cc(73)] ReadMemory at 0x7ffafd930000 of 64 bytes failed: Only part of a ReadProcessMemory or WriteProcessMemory request was completed. (0x12B)
[1118/135808.623:WARNING:pe_image_reader.cc(340)] could not read dos header from C:\WINDOWS\System32\WINTRUST.dll
[1118/135808.623:ERROR:process_memory_win.cc(73)] ReadMemory at 0x7ffafde30000 of 64 bytes failed: Only part of a ReadProcessMemory or WriteProcessMemory request was completed. (0x12B)
[1118/135808.623:WARNING:pe_image_reader.cc(340)] could not read dos header from C:\WINDOWS\System32\CRYPT32.dll
[1118/135808.623:ERROR:process_memory_win.cc(73)] ReadMemory at 0x7ffafcd10000 of 64 bytes failed: Only part of a ReadProcessMemory or WriteProcessMemory request was completed. (0x12B)
[1118/135808.623:WARNING:pe_image_reader.cc(340)] could not read dos header from C:\WINDOWS\SYSTEM32\IPHLPAPI.DLL
[1118/135808.623:ERROR:process_memory_win.cc(73)] ReadMemory at 0x7ffae8400000 of 64 bytes failed: Only part of a ReadProcessMemory or WriteProcessMemory request was completed. (0x12B)
[1118/135808.623:WARNING:pe_image_reader.cc(340)] could not read dos header from C:\WINDOWS\SYSTEM32\WINMM.dll
[1118/135808.623:ERROR:process_memory_win.cc(73)] ReadMemory at 0x7ffafd760000 of 64 bytes failed: Only part of a ReadProcessMemory or WriteProcessMemory request was completed. (0x12B)
[1118/135808.623:WARNING:pe_image_reader.cc(340)] could not read dos header from C:\WINDOWS\SYSTEM32\USERENV.dll
[1118/135808.623:ERROR:process_memory_win.cc(73)] ReadMemory at 0x7ffad2440000 of 64 bytes failed: Only part of a ReadProcessMemory or WriteProcessMemory request was completed. (0x12B)
[1118/135808.623:WARNING:pe_image_reader.cc(340)] could not read dos header from C:\WINDOWS\SYSTEM32\DWrite.dll
[1118/135808.623:ERROR:process_memory_win.cc(73)] ReadMemory at 0x7ffae69d0000 of 64 bytes failed: Only part of a ReadProcessMemory or WriteProcessMemory request was completed. (0x12B)
[1118/135808.623:WARNING:pe_image_reader.cc(340)] could not read dos header from C:\WINDOWS\SYSTEM32\WINSPOOL.DRV
[1118/135808.624:ERROR:process_memory_win.cc(73)] ReadMemory at 0x7ffafb6f0000 of 64 bytes failed: Only part of a ReadProcessMemory or WriteProcessMemory request was completed. (0x12B)
[1118/135808.624:WARNING:pe_image_reader.cc(340)] could not read dos header from C:\WINDOWS\SYSTEM32\dbghelp.dll
[1118/135808.624:ERROR:process_memory_win.cc(73)] ReadMemory at 0x7ffae4c50000 of 64 bytes failed: Only part of a ReadProcessMemory or WriteProcessMemory request was completed. (0x12B)
[1118/135808.624:WARNING:pe_image_reader.cc(340)] could not read dos header from C:\WINDOWS\SYSTEM32\Secur32.dll
[1118/135808.624:ERROR:process_memory_win.cc(73)] ReadMemory at 0x7ffaefd60000 of 64 bytes failed: Only part of a ReadProcessMemory or WriteProcessMemory request was completed. (0x12B)
[1118/135808.624:WARNING:pe_image_reader.cc(340)] could not read dos header from C:\WINDOWS\SYSTEM32\WINHTTP.dll
[1118/135808.624:ERROR:process_memory_win.cc(73)] ReadMemory at 0x7ffaeaa40000 of 64 bytes failed: Only part of a ReadProcessMemory or WriteProcessMemory request was completed. (0x12B)
[1118/135808.624:WARNING:pe_image_reader.cc(340)] could not read dos header from C:\WINDOWS\SYSTEM32\dhcpcsvc.DLL
[1118/135808.624:ERROR:process_memory_win.cc(73)] ReadMemory at 0x7ffafd720000 of 64 bytes failed: Only part of a ReadProcessMemory or WriteProcessMemory request was completed. (0x12B)
[1118/135808.624:WARNING:pe_image_reader.cc(340)] could not read dos header from C:\WINDOWS\SYSTEM32\SSPICLI.DLL
[1118/135808.624:ERROR:process_memory_win.cc(73)] ReadMemory at 0x7ffafd460000 of 64 bytes failed: Only part of a ReadProcessMemory or WriteProcessMemory request was completed. (0x12B)
[1118/135808.624:WARNING:pe_image_reader.cc(340)] could not read dos header from C:\WINDOWS\System32\MSASN1.dll
[1118/135808.625:ERROR:process_memory_win.cc(73)] ReadMemory at 0x7ffafddb0000 of 64 bytes failed: Only part of a ReadProcessMemory or WriteProcessMemory request was completed. (0x12B)
[1118/135808.625:WARNING:pe_image_reader.cc(340)] could not read dos header from C:\WINDOWS\System32\bcryptPrimitives.dll
[1118/135808.625:ERROR:process_memory_win.cc(73)] ReadMemory at 0x7ffafd250000 of 64 bytes failed: Only part of a ReadProcessMemory or WriteProcessMemory request was completed. (0x12B)
[1118/135808.625:WARNING:pe_image_reader.cc(340)] could not read dos header from C:\WINDOWS\SYSTEM32\CRYPTBASE.DLL
[1118/135808.625:ERROR:process_memory_win.cc(73)] ReadMemory at 0x7ffaeae40000 of 64 bytes failed: Only part of a ReadProcessMemory or WriteProcessMemory request was completed. (0x12B)
[1118/135808.625:WARNING:pe_image_reader.cc(340)] could not read dos header from C:\WINDOWS\system32\NLAapi.dll
[1118/135808.625:ERROR:process_memory_win.cc(73)] ReadMemory at 0x7ffafe540000 of 64 bytes failed: Only part of a ReadProcessMemory or WriteProcessMemory request was completed. (0x12B)
[1118/135808.625:WARNING:pe_image_reader.cc(340)] could not read dos header from C:\WINDOWS\System32\NSI.dll
[1118/135808.625:ERROR:process_memory_win.cc(73)] ReadMemory at 0x7ffaea950000 of 64 bytes failed: Only part of a ReadProcessMemory or WriteProcessMemory request was completed. (0x12B)
[1118/135808.625:WARNING:pe_image_reader.cc(340)] could not read dos header from C:\WINDOWS\SYSTEM32\dhcpcsvc6.DLL
[1118/135808.625:ERROR:process_memory_win.cc(73)] ReadMemory at 0x7ffafcd60000 of 64 bytes failed: Only part of a ReadProcessMemory or WriteProcessMemory request was completed. (0x12B)
[1118/135808.625:WARNING:pe_image_reader.cc(340)] could not read dos header from C:\WINDOWS\SYSTEM32\DNSAPI.dll
[1118/135808.625:ERROR:process_memory_win.cc(73)] ReadMemory at 0x7ffaea310000 of 64 bytes failed: Only part of a ReadProcessMemory or WriteProcessMemory request was completed. (0x12B)
[1118/135808.625:WARNING:pe_image_reader.cc(340)] could not read dos header from C:\WINDOWS\SYSTEM32\wlanapi.dll
[1118/135808.625:ERROR:process_memory_win.cc(73)] ReadMemory at 0x7ffafd7a0000 of 64 bytes failed: Only part of a ReadProcessMemory or WriteProcessMemory request was completed. (0x12B)
[1118/135808.625:WARNING:pe_image_reader.cc(340)] could not read dos header from C:\WINDOWS\SYSTEM32\profapi.dll
[1118/135808.625:ERROR:process_memory_win.cc(73)] ReadMemory at 0x7ffafd060000 of 64 bytes failed: Only part of a ReadProcessMemory or WriteProcessMemory request was completed. (0x12B)
[1118/135808.625:WARNING:pe_image_reader.cc(340)] could not read dos header from C:\WINDOWS\system32\mswsock.dll
[1118/135808.625:ERROR:process_memory_win.cc(73)] ReadMemory at 0x7ffaeabc0000 of 64 bytes failed: Only part of a ReadProcessMemory or WriteProcessMemory request was completed. (0x12B)
[1118/135808.625:WARNING:pe_image_reader.cc(340)] could not read dos header from C:\Windows\System32\rasadhlp.dll
[1118/135808.625:ERROR:process_memory_win.cc(73)] ReadMemory at 0x7ffae98e0000 of 64 bytes failed: Only part of a ReadProcessMemory or WriteProcessMemory request was completed. (0x12B)
[1118/135808.625:WARNING:pe_image_reader.cc(340)] could not read dos header from C:\WINDOWS\System32\fwpuclnt.dll
[1118/135808.625:ERROR:process_memory_win.cc(73)] ReadMemory at 0x7ffafe0a0000 of 64 bytes failed: Only part of a ReadProcessMemory or WriteProcessMemory request was completed. (0x12B)
[1118/135808.625:WARNING:pe_image_reader.cc(340)] could not read dos header from C:\WINDOWS\System32\bcrypt.dll
[1118/135808.625:ERROR:process_memory_win.cc(73)] ReadMemory at 0x7ffafd230000 of 64 bytes failed: Only part of a ReadProcessMemory or WriteProcessMemory request was completed. (0x12B)
[1118/135808.625:WARNING:pe_image_reader.cc(340)] could not read dos header from C:\WINDOWS\System32\CRYPTSP.dll
[1118/135808.626:ERROR:process_memory_win.cc(73)] ReadMemory at 0x7ffafc9a0000 of 64 bytes failed: Only part of a ReadProcessMemory or WriteProcessMemory request was completed. (0x12B)
[1118/135808.626:WARNING:pe_image_reader.cc(340)] could not read dos header from C:\WINDOWS\system32\rsaenh.dll
[1118/135808.626:ERROR:process_memory_win.cc(73)] ReadMemory at 0x7ffafc190000 of 64 bytes failed: Only part of a ReadProcessMemory or WriteProcessMemory request was completed. (0x12B)
[1118/135808.626:WARNING:pe_image_reader.cc(340)] could not read dos header from C:\WINDOWS\SYSTEM32\gpapi.dll
[1118/135808.626:ERROR:process_memory_win.cc(73)] ReadMemory at 0x7ffaf5120000 of 64 bytes failed: Only part of a ReadProcessMemory or WriteProcessMemory request was completed. (0x12B)
[1118/135808.626:WARNING:pe_image_reader.cc(340)] could not read dos header from C:\Windows\System32\cryptnet.dll
[1118/135808.626:ERROR:process_memory_win.cc(73)] ReadMemory at 0x7ffafc710000 of 64 bytes failed: Only part of a ReadProcessMemory or WriteProcessMemory request was completed. (0x12B)
[1118/135808.626:WARNING:pe_image_reader.cc(340)] could not read dos header from C:\WINDOWS\SYSTEM32\ntmarta.dll
[1118/135808.626:ERROR:process_memory_win.cc(73)] ReadMemory at 0x7ffafc9e0000 of 64 bytes failed: Only part of a ReadProcessMemory or WriteProcessMemory request was completed. (0x12B)
[1118/135808.626:WARNING:pe_image_reader.cc(340)] could not read dos header from C:\WINDOWS\System32\DPAPI.dll
[1118/135808.626:ERROR:process_memory_win.cc(73)] ReadMemory at 0x7ff64b210000 of 64 bytes failed: Only part of a ReadProcessMemory or WriteProcessMemory request was completed. (0x12B)
[1118/135808.626:WARNING:pe_image_reader.cc(340)] could not read dos header from C:\Program Files (x86)\Google\Chrome\Application\chrome.exe
[1118/135808.626:ERROR:process_memory_win.cc(73)] ReadMemory at 0x7ffb000f0000 of 64 bytes failed: Only part of a ReadProcessMemory or WriteProcessMemory request was completed. (0x12B)
[1118/135808.626:WARNING:pe_image_reader.cc(340)] could not read dos header from C:\WINDOWS\SYSTEM32\ntdll.dll
[1118/135808.626:ERROR:process_memory_win.cc(73)] ReadMemory at 0x7ffafe9c0000 of 64 bytes failed: Only part of a ReadProcessMemory or WriteProcessMemory request was completed. (0x12B)
[1118/135808.626:WARNING:pe_image_reader.cc(340)] could not read dos header from C:\WINDOWS\System32\KERNEL32.DLL
[1118/135808.626:ERROR:process_memory_win.cc(73)] ReadMemory at 0x7ffafda90000 of 64 bytes failed: Only part of a ReadProcessMemory or WriteProcessMemory request was completed. (0x12B)
[1118/135808.627:WARNING:pe_image_reader.cc(340)] could not read dos header from C:\WINDOWS\System32\KERNELBASE.dll
[1118/135808.627:ERROR:process_memory_win.cc(73)] ReadMemory at 0x7ffac1830000 of 64 bytes failed: Only part of a ReadProcessMemory or WriteProcessMemory request was completed. (0x12B)
[1118/135808.627:WARNING:pe_image_reader.cc(340)] could not read dos header from C:\Program Files (x86)\Google\Chrome\Application\78.0.3904.97\chrome_elf.dll
[1118/135808.627:ERROR:process_memory_win.cc(73)] ReadMemory at 0x7ffaefec0000 of 64 bytes failed: Only part of a ReadProcessMemory or WriteProcessMemory request was completed. (0x12B)
[1118/135808.627:WARNING:pe_image_reader.cc(340)] could not read dos header from C:\WINDOWS\SYSTEM32\VERSION.dll
[1118/135808.627:ERROR:process_memory_win.cc(73)] ReadMemory at 0x7ffafff50000 of 64 bytes failed: Only part of a ReadProcessMemory or WriteProcessMemory request was completed. (0x12B)
[1118/135808.627:WARNING:pe_image_reader.cc(340)] could not read dos header from C:\WINDOWS\System32\msvcrt.dll
[1118/135808.628:ERROR:process_memory_win.cc(73)] ReadMemory at 0x7ffafefb0000 of 64 bytes failed: Only part of a ReadProcessMemory or WriteProcessMemory request was completed. (0x12B)
[1118/135808.628:WARNING:pe_image_reader.cc(340)] could not read dos header from C:\WINDOWS\System32\ADVAPI32.dll
[1118/135808.628:ERROR:process_memory_win.cc(73)] ReadMemory at 0x7ffaffdc0000 of 64 bytes failed: Only part of a ReadProcessMemory or WriteProcessMemory request was completed. (0x12B)
[1118/135808.628:WARNING:pe_image_reader.cc(340)] could not read dos header from C:\WINDOWS\System32\sechost.dll
[1118/135808.628:ERROR:process_memory_win.cc(73)] ReadMemory at 0x7ffafeab0000 of 64 bytes failed: Only part of a ReadProcessMemory or WriteProcessMemory request was completed. (0x12B)
[1118/135808.628:WARNING:pe_image_reader.cc(340)] could not read dos header from C:\WINDOWS\System32\RPCRT4.dll
[1118/135808.628:ERROR:process_memory_win.cc(73)] ReadMemory at 0x7ffafece0000 of 64 bytes failed: Only part of a ReadProcessMemory or WriteProcessMemory request was completed. (0x12B)
[1118/135808.628:WARNING:pe_image_reader.cc(340)] could not read dos header from C:\WINDOWS\System32\user32.dll
[1118/135808.628:ERROR:process_memory_win.cc(73)] ReadMemory at 0x7ffafd900000 of 64 bytes failed: Only part of a ReadProcessMemory or WriteProcessMemory request was completed. (0x12B)
[1118/135808.628:WARNING:pe_image_reader.cc(340)] could not read dos header from C:\WINDOWS\System32\win32u.dll
[1118/135808.628:ERROR:process_memory_win.cc(73)] ReadMemory at 0x7ffaffd90000 of 64 bytes failed: Only part of a ReadProcessMemory or WriteProcessMemory request was completed. (0x12B)
[1118/135808.628:WARNING:pe_image_reader.cc(340)] could not read dos header from C:\WINDOWS\System32\GDI32.dll
[1118/135808.628:ERROR:process_memory_win.cc(73)] ReadMemory at 0x7ffafdf90000 of 64 bytes failed: Only part of a ReadProcessMemory or WriteProcessMemory request was completed. (0x12B)
[1118/135808.628:WARNING:pe_image_reader.cc(340)] could not read dos header from C:\WINDOWS\System32\gdi32full.dll
[1118/135808.628:ERROR:process_memory_win.cc(73)] ReadMemory at 0x7ffafd860000 of 64 bytes failed: Only part of a ReadProcessMemory or WriteProcessMemory request was completed. (0x12B)
[1118/135808.628:WARNING:pe_image_reader.cc(340)] could not read dos header from C:\WINDOWS\System32\msvcp_win.dll
[1118/135808.628:ERROR:process_memory_win.cc(73)] ReadMemory at 0x7ffafd990000 of 64 bytes failed: Only part of a ReadProcessMemory or WriteProcessMemory request was completed. (0x12B)
[1118/135808.629:WARNING:pe_image_reader.cc(340)] could not read dos header from C:\WINDOWS\System32\ucrtbase.dll
[1118/135808.629:ERROR:process_memory_win.cc(73)] ReadMemory at 0x7ffafea80000 of 64 bytes failed: Only part of a ReadProcessMemory or WriteProcessMemory request was completed. (0x12B)
[1118/135808.629:WARNING:pe_image_reader.cc(340)] could not read dos header from C:\WINDOWS\System32\IMM32.DLL
[1118/135808.629:ERROR:process_memory_win.cc(73)] ReadMemory at 0x7ffa8e400000 of 64 bytes failed: Only part of a ReadProcessMemory or WriteProcessMemory request was completed. (0x12B)
[1118/135808.629:WARNING:pe_image_reader.cc(340)] could not read dos header from C:\Program Files (x86)\Google\Chrome\Application\78.0.3904.97\chrome_child.dll
[1118/135808.629:ERROR:process_memory_win.cc(73)] ReadMemory at 0x7ffaffcc0000 of 64 bytes failed: Only part of a ReadProcessMemory or WriteProcessMemory request was completed. (0x12B)
[1118/135808.629:WARNING:pe_image_reader.cc(340)] could not read dos header from C:\WINDOWS\System32\OLEAUT32.dll
[1118/135808.629:ERROR:process_memory_win.cc(73)] ReadMemory at 0x7ffafe180000 of 64 bytes failed: Only part of a ReadProcessMemory or WriteProcessMemory request was completed. (0x12B)
[1118/135808.629:WARNING:pe_image_reader.cc(340)] could not read dos header from C:\WINDOWS\System32\combase.dll
[1118/135808.629:ERROR:process_memory_win.cc(73)] ReadMemory at 0x7ffafef40000 of 64 bytes failed: Only part of a ReadProcessMemory or WriteProcessMemory request was completed. (0x12B)
[1118/135808.629:WARNING:pe_image_reader.cc(340)] could not read dos header from C:\WINDOWS\System32\WS2_32.dll
[1118/135808.629:ERROR:process_memory_win.cc(73)] ReadMemory at 0x7ffafd930000 of 64 bytes failed: Only part of a ReadProcessMemory or WriteProcessMemory request was completed. (0x12B)
[1118/135808.629:WARNING:pe_image_reader.cc(340)] could not read dos header from C:\WINDOWS\System32\WINTRUST.dll
[1118/135808.629:ERROR:process_memory_win.cc(73)] ReadMemory at 0x7ffafde30000 of 64 bytes failed: Only part of a ReadProcessMemory or WriteProcessMemory request was completed. (0x12B)
[1118/135808.629:WARNING:pe_image_reader.cc(340)] could not read dos header from C:\WINDOWS\System32\CRYPT32.dll
[1118/135808.629:ERROR:process_memory_win.cc(73)] ReadMemory at 0x7ffafcd10000 of 64 bytes failed: Only part of a ReadProcessMemory or WriteProcessMemory request was completed. (0x12B)
[1118/135808.629:WARNING:pe_image_reader.cc(340)] could not read dos header from C:\WINDOWS\SYSTEM32\IPHLPAPI.DLL
[1118/135808.629:ERROR:process_memory_win.cc(73)] ReadMemory at 0x7ffae8400000 of 64 bytes failed: Only part of a ReadProcessMemory or WriteProcessMemory request was completed. (0x12B)
[1118/135808.629:WARNING:pe_image_reader.cc(340)] could not read dos header from C:\WINDOWS\SYSTEM32\WINMM.dll
[1118/135808.629:ERROR:process_memory_win.cc(73)] ReadMemory at 0x7ffafd760000 of 64 bytes failed: Only part of a ReadProcessMemory or WriteProcessMemory request was completed. (0x12B)
[1118/135808.629:WARNING:pe_image_reader.cc(340)] could not read dos header from C:\WINDOWS\SYSTEM32\USERENV.dll
[1118/135808.630:ERROR:process_memory_win.cc(73)] ReadMemory at 0x7ffad2440000 of 64 bytes failed: Only part of a ReadProcessMemory or WriteProcessMemory request was completed. (0x12B)
[1118/135808.630:WARNING:pe_image_reader.cc(340)] could not read dos header from C:\WINDOWS\SYSTEM32\DWrite.dll
[1118/135808.630:ERROR:process_memory_win.cc(73)] ReadMemory at 0x7ffae69d0000 of 64 bytes failed: Only part of a ReadProcessMemory or WriteProcessMemory request was completed. (0x12B)
[1118/135808.630:WARNING:pe_image_reader.cc(340)] could not read dos header from C:\WINDOWS\SYSTEM32\WINSPOOL.DRV
[1118/135808.630:ERROR:process_memory_win.cc(73)] ReadMemory at 0x7ffafb6f0000 of 64 bytes failed: Only part of a ReadProcessMemory or WriteProcessMemory request was completed. (0x12B)
[1118/135808.630:WARNING:pe_image_reader.cc(340)] could not read dos header from C:\WINDOWS\SYSTEM32\dbghelp.dll
[1118/135808.630:ERROR:process_memory_win.cc(73)] ReadMemory at 0x7ffae4c50000 of 64 bytes failed: Only part of a ReadProcessMemory or WriteProcessMemory request was completed. (0x12B)
[1118/135808.630:WARNING:pe_image_reader.cc(340)] could not read dos header from C:\WINDOWS\SYSTEM32\Secur32.dll
[1118/135808.630:ERROR:process_memory_win.cc(73)] ReadMemory at 0x7ffaefd60000 of 64 bytes failed: Only part of a ReadProcessMemory or WriteProcessMemory request was completed. (0x12B)
[1118/135808.630:WARNING:pe_image_reader.cc(340)] could not read dos header from C:\WINDOWS\SYSTEM32\WINHTTP.dll
[1118/135808.632:ERROR:process_memory_win.cc(73)] ReadMemory at 0x7ffaeaa40000 of 64 bytes failed: Only part of a ReadProcessMemory or WriteProcessMemory request was completed. (0x12B)
[1118/135808.632:WARNING:pe_image_reader.cc(340)] could not read dos header from C:\WINDOWS\SYSTEM32\dhcpcsvc.DLL
[1118/135808.632:ERROR:process_memory_win.cc(73)] ReadMemory at 0x7ffafd720000 of 64 bytes failed: Only part of a ReadProcessMemory or WriteProcessMemory request was completed. (0x12B)
[1118/135808.632:WARNING:pe_image_reader.cc(340)] could not read dos header from C:\WINDOWS\SYSTEM32\SSPICLI.DLL
[1118/135808.632:ERROR:process_memory_win.cc(73)] ReadMemory at 0x7ffafd460000 of 64 bytes failed: Only part of a ReadProcessMemory or WriteProcessMemory request was completed. (0x12B)
[1118/135808.632:WARNING:pe_image_reader.cc(340)] could not read dos header from C:\WINDOWS\System32\MSASN1.dll
[1118/135808.632:ERROR:process_memory_win.cc(73)] ReadMemory at 0x7ffafddb0000 of 64 bytes failed: Only part of a ReadProcessMemory or WriteProcessMemory request was completed. (0x12B)
[1118/135808.633:WARNING:pe_image_reader.cc(340)] could not read dos header from C:\WINDOWS\System32\bcryptPrimitives.dll
[1118/135808.633:ERROR:process_memory_win.cc(73)] ReadMemory at 0x7ffafd250000 of 64 bytes failed: Only part of a ReadProcessMemory or WriteProcessMemory request was completed. (0x12B)
[1118/135808.633:WARNING:pe_image_reader.cc(340)] could not read dos header from C:\WINDOWS\SYSTEM32\CRYPTBASE.DLL
[1118/135808.633:ERROR:process_memory_win.cc(73)] ReadMemory at 0x7ffaeae40000 of 64 bytes failed: Only part of a ReadProcessMemory or WriteProcessMemory request was completed. (0x12B)
[1118/135808.633:WARNING:pe_image_reader.cc(340)] could not read dos header from C:\WINDOWS\system32\NLAapi.dll
[1118/135808.633:ERROR:process_memory_win.cc(73)] ReadMemory at 0x7ffafe540000 of 64 bytes failed: Only part of a ReadProcessMemory or WriteProcessMemory request was completed. (0x12B)
[1118/135808.633:WARNING:pe_image_reader.cc(340)] could not read dos header from C:\WINDOWS\System32\NSI.dll
[1118/135808.633:ERROR:process_memory_win.cc(73)] ReadMemory at 0x7ffaea950000 of 64 bytes failed: Only part of a ReadProcessMemory or WriteProcessMemory request was completed. (0x12B)
[1118/135808.633:WARNING:pe_image_reader.cc(340)] could not read dos header from C:\WINDOWS\SYSTEM32\dhcpcsvc6.DLL
[1118/135808.633:ERROR:process_memory_win.cc(73)] ReadMemory at 0x7ffafcd60000 of 64 bytes failed: Only part of a ReadProcessMemory or WriteProcessMemory request was completed. (0x12B)
[1118/135808.633:WARNING:pe_image_reader.cc(340)] could not read dos header from C:\WINDOWS\SYSTEM32\DNSAPI.dll
[1118/135808.633:ERROR:process_memory_win.cc(73)] ReadMemory at 0x7ffaea310000 of 64 bytes failed: Only part of a ReadProcessMemory or WriteProcessMemory request was completed. (0x12B)
[1118/135808.633:WARNING:pe_image_reader.cc(340)] could not read dos header from C:\WINDOWS\SYSTEM32\wlanapi.dll
[1118/135808.633:ERROR:process_memory_win.cc(73)] ReadMemory at 0x7ffafd7a0000 of 64 bytes failed: Only part of a ReadProcessMemory or WriteProcessMemory request was completed. (0x12B)
[1118/135808.633:WARNING:pe_image_reader.cc(340)] could not read dos header from C:\WINDOWS\SYSTEM32\profapi.dll
[1118/135808.633:ERROR:process_memory_win.cc(73)] ReadMemory at 0x7ffafd060000 of 64 bytes failed: Only part of a ReadProcessMemory or WriteProcessMemory request was completed. (0x12B)
[1118/135808.633:WARNING:pe_image_reader.cc(340)] could not read dos header from C:\WINDOWS\system32\mswsock.dll
[1118/135808.633:ERROR:process_memory_win.cc(73)] ReadMemory at 0x7ffaeabc0000 of 64 bytes failed: Only part of a ReadProcessMemory or WriteProcessMemory request was completed. (0x12B)
[1118/135808.633:WARNING:pe_image_reader.cc(340)] could not read dos header from C:\Windows\System32\rasadhlp.dll
[1118/135808.633:ERROR:process_memory_win.cc(73)] ReadMemory at 0x7ffae98e0000 of 64 bytes failed: Only part of a ReadProcessMemory or WriteProcessMemory request was completed. (0x12B)
[1118/135808.633:WARNING:pe_image_reader.cc(340)] could not read dos header from C:\WINDOWS\System32\fwpuclnt.dll
[1118/135808.633:ERROR:process_memory_win.cc(73)] ReadMemory at 0x7ffafe0a0000 of 64 bytes failed: Only part of a ReadProcessMemory or WriteProcessMemory request was completed. (0x12B)
[1118/135808.633:WARNING:pe_image_reader.cc(340)] could not read dos header from C:\WINDOWS\System32\bcrypt.dll
[1118/135808.633:ERROR:process_memory_win.cc(73)] ReadMemory at 0x7ffafd230000 of 64 bytes failed: Only part of a ReadProcessMemory or WriteProcessMemory request was completed. (0x12B)
[1118/135808.633:WARNING:pe_image_reader.cc(340)] could not read dos header from C:\WINDOWS\System32\CRYPTSP.dll
[1118/135808.633:ERROR:process_memory_win.cc(73)] ReadMemory at 0x7ffafc9a0000 of 64 bytes failed: Only part of a ReadProcessMemory or WriteProcessMemory request was completed. (0x12B)
[1118/135808.633:WARNING:pe_image_reader.cc(340)] could not read dos header from C:\WINDOWS\system32\rsaenh.dll
[1118/135808.633:ERROR:process_memory_win.cc(73)] ReadMemory at 0x7ffafc190000 of 64 bytes failed: Only part of a ReadProcessMemory or WriteProcessMemory request was completed. (0x12B)
[1118/135808.634:WARNING:pe_image_reader.cc(340)] could not read dos header from C:\WINDOWS\SYSTEM32\gpapi.dll
[1118/135808.634:ERROR:process_memory_win.cc(73)] ReadMemory at 0x7ffaf5120000 of 64 bytes failed: Only part of a ReadProcessMemory or WriteProcessMemory request was completed. (0x12B)
[1118/135808.634:WARNING:pe_image_reader.cc(340)] could not read dos header from C:\Windows\System32\cryptnet.dll
[1118/135808.634:ERROR:process_memory_win.cc(73)] ReadMemory at 0x7ffafc710000 of 64 bytes failed: Only part of a ReadProcessMemory or WriteProcessMemory request was completed. (0x12B)
[1118/135808.634:WARNING:pe_image_reader.cc(340)] could not read dos header from C:\WINDOWS\SYSTEM32\ntmarta.dll
[1118/135808.634:ERROR:process_memory_win.cc(73)] ReadMemory at 0x7ffafc9e0000 of 64 bytes failed: Only part of a ReadProcessMemory or WriteProcessMemory request was completed. (0x12B)
[1118/135808.634:WARNING:pe_image_reader.cc(340)] could not read dos header from C:\WINDOWS\System32\DPAPI.dll
[1118/135808.643:ERROR:process_memory_win.cc(73)] ReadMemory at 0xf673fb000 of 20480 bytes failed: Only part of a ReadProcessMemory or WriteProcessMemory request was completed. (0x12B)
[1118/135808.643:ERROR:process_memory_win.cc(73)] ReadMemory at 0xf67bfe000 of 8192 bytes failed: Only part of a ReadProcessMemory or WriteProcessMemory request was completed. (0x12B)
[1118/135808.644:ERROR:process_memory_win.cc(73)] ReadMemory at 0xf683fd000 of 12288 bytes failed: Only part of a ReadProcessMemory or WriteProcessMemory request was completed. (0x12B)
[1118/135808.644:ERROR:process_memory_win.cc(73)] ReadMemory at 0xf68bfa000 of 24576 bytes failed: Only part of a ReadProcessMemory or WriteProcessMemory request was completed. (0x12B)
[1118/135808.644:ERROR:process_memory_win.cc(73)] ReadMemory at 0xf693fc000 of 16384 bytes failed: Only part of a ReadProcessMemory or WriteProcessMemory request was completed. (0x12B)
[1118/135808.644:ERROR:process_memory_win.cc(73)] ReadMemory at 0xf69bf8000 of 32768 bytes failed: Only part of a ReadProcessMemory or WriteProcessMemory request was completed. (0x12B)
[1118/135808.644:ERROR:process_memory_win.cc(73)] ReadMemory at 0xf6a3fe000 of 8192 bytes failed: Only part of a ReadProcessMemory or WriteProcessMemory request was completed. (0x12B)
[1118/135808.645:ERROR:process_memory_win.cc(73)] ReadMemory at 0xf6abf9000 of 28672 bytes failed: Only part of a ReadProcessMemory or WriteProcessMemory request was completed. (0x12B)
[1118/135808.645:ERROR:process_memory_win.cc(73)] ReadMemory at 0xf6c3fe000 of 8192 bytes failed: Only part of a ReadProcessMemory or WriteProcessMemory request was completed. (0x12B)
[1118/135808.645:ERROR:process_memory_win.cc(73)] ReadMemory at 0xf6cbfe000 of 8192 bytes failed: Only part of a ReadProcessMemory or WriteProcessMemory request was completed. (0x12B)
[1118/135808.645:ERROR:process_memory_win.cc(73)] ReadMemory at 0xf6e3fb000 of 20480 bytes failed: Only part of a ReadProcessMemory or WriteProcessMemory request was completed. (0x12B)
[1118/135808.645:ERROR:process_memory_win.cc(73)] ReadMemory at 0xf6ebfe000 of 8192 bytes failed: Only part of a ReadProcessMemory or WriteProcessMemory request was completed. (0x12B)
[1118/135808.646:ERROR:process_memory_win.cc(73)] ReadMemory at 0xf6fbfd000 of 12288 bytes failed: Only part of a ReadProcessMemory or WriteProcessMemory request was completed. (0x12B)
[1118/135808.646:ERROR:process_memory_win.cc(73)] ReadMemory at 0xf6b3fc000 of 16384 bytes failed: Only part of a ReadProcessMemory or WriteProcessMemory request was completed. (0x12B)
[1118/135808.646:ERROR:process_memory_win.cc(73)] ReadMemory at 0xf6bbfd000 of 12288 bytes failed: Only part of a ReadProcessMemory or WriteProcessMemory request was completed. (0x12B)
[1118/135808.646:ERROR:process_memory_win.cc(73)] ReadMemory at 0xf66a04000 of 6024 bytes failed: Only part of a ReadProcessMemory or WriteProcessMemory request was completed. (0x12B)
[1118/135808.646:ERROR:process_memory_win.cc(73)] ReadMemory at 0xf66a06000 of 6024 bytes failed: Only part of a ReadProcessMemory or WriteProcessMemory request was completed. (0x12B)
[1118/135808.647:ERROR:process_memory_win.cc(73)] ReadMemory at 0xf66a08000 of 6024 bytes failed: Only part of a ReadProcessMemory or WriteProcessMemory request was completed. (0x12B)
[1118/135808.647:ERROR:process_memory_win.cc(73)] ReadMemory at 0xf66bdd000 of 852 bytes failed: Only part of a ReadProcessMemory or WriteProcessMemory request was completed. (0x12B)
[1118/135808.647:ERROR:process_memory_win.cc(73)] ReadMemory at 0xf66bde000 of 6024 bytes failed: Only part of a ReadProcessMemory or WriteProcessMemory request was completed. (0x12B)
[1118/135808.647:ERROR:process_memory_win.cc(73)] ReadMemory at 0xf66be0000 of 6024 bytes failed: Only part of a ReadProcessMemory or WriteProcessMemory request was completed. (0x12B)
[1118/135808.647:ERROR:process_memory_win.cc(73)] ReadMemory at 0xf66be2000 of 6024 bytes failed: Only part of a ReadProcessMemory or WriteProcessMemory request was completed. (0x12B)
[1118/135808.647:ERROR:process_memory_win.cc(73)] ReadMemory at 0xf66be4000 of 6024 bytes failed: Only part of a ReadProcessMemory or WriteProcessMemory request was completed. (0x12B)
[1118/135808.647:ERROR:process_memory_win.cc(73)] ReadMemory at 0xf66be6000 of 6024 bytes failed: Only part of a ReadProcessMemory or WriteProcessMemory request was completed. (0x12B)
[1118/135808.648:ERROR:process_memory_win.cc(73)] ReadMemory at 0xf66be8000 of 6024 bytes failed: Only part of a ReadProcessMemory or WriteProcessMemory request was completed. (0x12B)
[1118/135808.648:ERROR:process_memory_win.cc(73)] ReadMemory at 0xf66bea000 of 6024 bytes failed: Only part of a ReadProcessMemory or WriteProcessMemory request was completed. (0x12B)
[1118/135808.648:ERROR:process_memory_win.cc(73)] ReadMemory at 0xf66bec000 of 6024 bytes failed: Only part of a ReadProcessMemory or WriteProcessMemory request was completed. (0x12B)
[1118/135808.648:ERROR:process_memory_win.cc(73)] ReadMemory at 0xf66bf2000 of 6024 bytes failed: Only part of a ReadProcessMemory or WriteProcessMemory request was completed. (0x12B)
[1118/135808.648:ERROR:process_memory_win.cc(73)] ReadMemory at 0xf66bf4000 of 6024 bytes failed: Only part of a ReadProcessMemory or WriteProcessMemory request was completed. (0x12B)
[1118/135808.648:ERROR:process_memory_win.cc(73)] ReadMemory at 0xf66bfc000 of 6024 bytes failed: Only part of a ReadProcessMemory or WriteProcessMemory request was completed. (0x12B)
[1118/135808.648:ERROR:process_memory_win.cc(73)] ReadMemory at 0xf66bfe000 of 6024 bytes failed: Only part of a ReadProcessMemory or WriteProcessMemory request was completed. (0x12B)
[1118/135808.649:ERROR:process_memory_win.cc(73)] ReadMemory at 0x1260f880c40 of 512 bytes failed: Only part of a ReadProcessMemory or WriteProcessMemory request was completed. (0x12B)
[1118/135808.649:ERROR:process_memory_win.cc(73)] ReadMemory at 0x1260f8f0ad0 of 512 bytes failed: Only part of a ReadProcessMemory or WriteProcessMemory request was completed. (0x12B)
[1118/135808.649:ERROR:process_memory_win.cc(73)] ReadMemory at 0x1260f8f0fe0 of 7426 bytes failed: Only part of a ReadProcessMemory or WriteProcessMemory request was completed. (0x12B)
[1118/135808.649:ERROR:process_memory_win.cc(73)] ReadMemory at 0x1260f8f2cf0 of 1012 bytes failed: Only part of a ReadProcessMemory or WriteProcessMemory request was completed. (0x12B)
[1118/135808.649:ERROR:process_memory_win.cc(73)] ReadMemory at 0x1260f8f3338 of 118 bytes failed: Only part of a ReadProcessMemory or WriteProcessMemory request was completed. (0x12B)
[1118/135808.649:ERROR:process_memory_win.cc(73)] ReadMemory at 0x1260f8f33b0 of 722 bytes failed: Only part of a ReadProcessMemory or WriteProcessMemory request was completed. (0x12B)
[1118/135808.649:ERROR:process_memory_win.cc(73)] ReadMemory at 0x1260f8f3684 of 118 bytes failed: Only part of a ReadProcessMemory or WriteProcessMemory request was completed. (0x12B)
[1118/135808.649:ERROR:process_memory_win.cc(73)] ReadMemory at 0x1260f8f36fc of 30 bytes failed: Only part of a ReadProcessMemory or WriteProcessMemory request was completed. (0x12B)
[1118/135808.650:ERROR:process_memory_win.cc(73)] ReadMemory at 0x1260f8f3730 of 58 bytes failed: Only part of a ReadProcessMemory or WriteProcessMemory request was completed. (0x12B)
[1118/135808.650:ERROR:process_memory_win.cc(73)] ReadMemory at 0x1260f8f3830 of 132 bytes failed: Only part of a ReadProcessMemory or WriteProcessMemory request was completed. (0x12B)
[1118/135808.650:ERROR:process_memory_win.cc(73)] ReadMemory at 0x1260f8f39c0 of 132 bytes failed: Only part of a ReadProcessMemory or WriteProcessMemory request was completed. (0x12B)
[1118/135808.650:ERROR:process_memory_win.cc(73)] ReadMemory at 0x1260f8f3b80 of 124 bytes failed: Only part of a ReadProcessMemory or WriteProcessMemory request was completed. (0x12B)
[1118/135808.650:ERROR:process_memory_win.cc(73)] ReadMemory at 0x1260f8f3f60 of 132 bytes failed: Only part of a ReadProcessMemory or WriteProcessMemory request was completed. (0x12B)
[1118/135808.650:ERROR:process_memory_win.cc(73)] ReadMemory at 0x1260f8f40f0 of 64 bytes failed: Only part of a ReadProcessMemory or WriteProcessMemory request was completed. (0x12B)
[1118/135808.650:ERROR:process_memory_win.cc(73)] ReadMemory at 0x1260f8f4140 of 132 bytes failed: Only part of a ReadProcessMemory or WriteProcessMemory request was completed. (0x12B)
[1118/135808.650:ERROR:process_memory_win.cc(73)] ReadMemory at 0x1260f8f42b0 of 132 bytes failed: Only part of a ReadProcessMemory or WriteProcessMemory request was completed. (0x12B)
[1118/135808.650:ERROR:process_memory_win.cc(73)] ReadMemory at 0x1260f8f4570 of 132 bytes failed: Only part of a ReadProcessMemory or WriteProcessMemory request was completed. (0x12B)
[1118/135808.651:ERROR:process_memory_win.cc(73)] ReadMemory at 0x1260f8f4700 of 68 bytes failed: Only part of a ReadProcessMemory or WriteProcessMemory request was completed. (0x12B)
[1118/135808.651:ERROR:process_memory_win.cc(73)] ReadMemory at 0x1260f8f57c0 of 132 bytes failed: Only part of a ReadProcessMemory or WriteProcessMemory request was completed. (0x12B)
[1118/135808.651:ERROR:process_memory_win.cc(73)] ReadMemory at 0x1260f8f58f0 of 152 bytes failed: Only part of a ReadProcessMemory or WriteProcessMemory request was completed. (0x12B)
[1118/135808.651:ERROR:process_memory_win.cc(73)] ReadMemory at 0x1260f8f69c0 of 58 bytes failed: Only part of a ReadProcessMemory or WriteProcessMemory request was completed. (0x12B)
[1118/135808.651:ERROR:process_memory_win.cc(73)] ReadMemory at 0x1260f8f6a10 of 64 bytes failed: Only part of a ReadProcessMemory or WriteProcessMemory request was completed. (0x12B)
[1118/135808.651:ERROR:process_memory_win.cc(73)] ReadMemory at 0x1260f8f6a60 of 62 bytes failed: Only part of a ReadProcessMemory or WriteProcessMemory request was completed. (0x12B)
[1118/135808.651:ERROR:process_memory_win.cc(73)] ReadMemory at 0x1260f8f6ab0 of 62 bytes failed: Only part of a ReadProcessMemory or WriteProcessMemory request was completed. (0x12B)
[1118/135808.651:ERROR:process_memory_win.cc(73)] ReadMemory at 0x1260f8f6b00 of 60 bytes failed: Only part of a ReadProcessMemory or WriteProcessMemory request was completed. (0x12B)
[1118/135808.651:ERROR:process_memory_win.cc(73)] ReadMemory at 0x1260f8f6b50 of 64 bytes failed: Only part of a ReadProcessMemory or WriteProcessMemory request was completed. (0x12B)
[1118/135808.651:ERROR:process_memory_win.cc(73)] ReadMemory at 0x1260f8f6ba0 of 62 bytes failed: Only part of a ReadProcessMemory or WriteProcessMemory request was completed. (0x12B)
[1118/135808.651:ERROR:process_memory_win.cc(73)] ReadMemory at 0x1260f8f6ce0 of 64 bytes failed: Only part of a ReadProcessMemory or WriteProcessMemory request was completed. (0x12B)
[1118/135808.652:ERROR:process_memory_win.cc(73)] ReadMemory at 0x1260f8f6d30 of 62 bytes failed: Only part of a ReadProcessMemory or WriteProcessMemory request was completed. (0x12B)
[1118/135808.652:ERROR:process_memory_win.cc(73)] ReadMemory at 0x1260f8f6d80 of 60 bytes failed: Only part of a ReadProcessMemory or WriteProcessMemory request was completed. (0x12B)
[1118/135808.652:ERROR:process_memory_win.cc(73)] ReadMemory at 0x1260f8f6e20 of 64 bytes failed: Only part of a ReadProcessMemory or WriteProcessMemory request was completed. (0x12B)
[1118/135808.652:ERROR:process_memory_win.cc(73)] ReadMemory at 0x1260f8f6e70 of 64 bytes failed: Only part of a ReadProcessMemory or WriteProcessMemory request was completed. (0x12B)
[1118/135808.652:ERROR:process_memory_win.cc(73)] ReadMemory at 0x1260f8f6ec0 of 62 bytes failed: Only part of a ReadProcessMemory or WriteProcessMemory request was completed. (0x12B)
[1118/135808.652:ERROR:process_memory_win.cc(73)] ReadMemory at 0x1260f8f6fb0 of 58 bytes failed: Only part of a ReadProcessMemory or WriteProcessMemory request was completed. (0x12B)
[1118/135808.652:ERROR:process_memory_win.cc(73)] ReadMemory at 0x1260f8f7000 of 62 bytes failed: Only part of a ReadProcessMemory or WriteProcessMemory request was completed. (0x12B)
[1118/135808.652:ERROR:process_memory_win.cc(73)] ReadMemory at 0x1260f8f70a0 of 62 bytes failed: Only part of a ReadProcessMemory or WriteProcessMemory request was completed. (0x12B)
[1118/135808.652:ERROR:process_memory_win.cc(73)] ReadMemory at 0x1260f8f8620 of 62 bytes failed: Only part of a ReadProcessMemory or WriteProcessMemory request was completed. (0x12B)
[1118/135808.653:ERROR:process_memory_win.cc(73)] ReadMemory at 0x1260f8f8780 of 132 bytes failed: Only part of a ReadProcessMemory or WriteProcessMemory request was completed. (0x12B)
[1118/135808.653:ERROR:process_memory_win.cc(73)] ReadMemory at 0x1260f8f8910 of 60 bytes failed: Only part of a ReadProcessMemory or WriteProcessMemory request was completed. (0x12B)
[1118/135808.653:ERROR:process_memory_win.cc(73)] ReadMemory at 0x1260f8fb9b0 of 60 bytes failed: Only part of a ReadProcessMemory or WriteProcessMemory request was completed. (0x12B)
[1118/135808.653:ERROR:process_memory_win.cc(73)] ReadMemory at 0x1260f8fbaa0 of 66 bytes failed: Only part of a ReadProcessMemory or WriteProcessMemory request was completed. (0x12B)
[1118/135808.653:ERROR:process_memory_win.cc(73)] ReadMemory at 0x1260f8fbb40 of 64 bytes failed: Only part of a ReadProcessMemory or WriteProcessMemory request was completed. (0x12B)
[1118/135808.653:ERROR:process_memory_win.cc(73)] ReadMemory at 0x1260f8fbd20 of 60 bytes failed: Only part of a ReadProcessMemory or WriteProcessMemory request was completed. (0x12B)
[1118/135808.653:ERROR:process_memory_win.cc(73)] ReadMemory at 0x1260f8fbd70 of 58 bytes failed: Only part of a ReadProcessMemory or WriteProcessMemory request was completed. (0x12B)
[1118/135808.653:ERROR:process_memory_win.cc(73)] ReadMemory at 0x1260f8fbdc0 of 64 bytes failed: Only part of a ReadProcessMemory or WriteProcessMemory request was completed. (0x12B)
[1118/135808.653:ERROR:process_memory_win.cc(73)] ReadMemory at 0x1260f8fbe10 of 66 bytes failed: Only part of a ReadProcessMemory or WriteProcessMemory request was completed. (0x12B)
[1118/135808.653:ERROR:process_memory_win.cc(73)] ReadMemory at 0x1260f8fbeb0 of 62 bytes failed: Only part of a ReadProcessMemory or WriteProcessMemory request was completed. (0x12B)
[1118/135808.653:ERROR:process_memory_win.cc(73)] ReadMemory at 0x1260f8fbf00 of 60 bytes failed: Only part of a ReadProcessMemory or WriteProcessMemory request was completed. (0x12B)
[1118/135808.654:ERROR:process_memory_win.cc(73)] ReadMemory at 0x1260f8fe890 of 132 bytes failed: Only part of a ReadProcessMemory or WriteProcessMemory request was completed. (0x12B)
[1118/135808.654:ERROR:process_memory_win.cc(73)] ReadMemory at 0x1260f8feb10 of 132 bytes failed: Only part of a ReadProcessMemory or WriteProcessMemory request was completed. (0x12B)
[1118/135808.654:ERROR:process_memory_win.cc(73)] ReadMemory at 0x1260f8fec40 of 132 bytes failed: Only part of a ReadProcessMemory or WriteProcessMemory request was completed. (0x12B)
[1118/135808.654:ERROR:process_memory_win.cc(73)] ReadMemory at 0x1260f8fed70 of 132 bytes failed: Only part of a ReadProcessMemory or WriteProcessMemory request was completed. (0x12B)
[1118/135808.654:ERROR:process_memory_win.cc(73)] ReadMemory at 0x1260f900c60 of 132 bytes failed: Only part of a ReadProcessMemory or WriteProcessMemory request was completed. (0x12B)
[1118/135808.654:ERROR:process_memory_win.cc(73)] ReadMemory at 0x1260f900e70 of 132 bytes failed: Only part of a ReadProcessMemory or WriteProcessMemory request was completed. (0x12B)
[1118/135808.654:ERROR:process_memory_win.cc(73)] ReadMemory at 0x1260f900fa0 of 156 bytes failed: Only part of a ReadProcessMemory or WriteProcessMemory request was completed. (0x12B)
[1118/135808.654:ERROR:process_memory_win.cc(73)] ReadMemory at 0x1260f9017f0 of 132 bytes failed: Only part of a ReadProcessMemory or WriteProcessMemory request was completed. (0x12B)
[1118/135808.654:ERROR:process_memory_win.cc(73)] ReadMemory at 0x1260f901a20 of 132 bytes failed: Only part of a ReadProcessMemory or WriteProcessMemory request was completed. (0x12B)
[1118/135808.654:ERROR:process_memory_win.cc(73)] ReadMemory at 0x1260f907220 of 132 bytes failed: Only part of a ReadProcessMemory or WriteProcessMemory request was completed. (0x12B)
[1118/135808.654:ERROR:process_memory_win.cc(73)] ReadMemory at 0x1260f909750 of 132 bytes failed: Only part of a ReadProcessMemory or WriteProcessMemory request was completed. (0x12B)
[1118/135808.654:ERROR:process_memory_win.cc(73)] ReadMemory at 0x1260f909880 of 132 bytes failed: Only part of a ReadProcessMemory or WriteProcessMemory request was completed. (0x12B)
[1118/135808.655:ERROR:process_memory_win.cc(73)] ReadMemory at 0x1260f9099b0 of 132 bytes failed: Only part of a ReadProcessMemory or WriteProcessMemory request was completed. (0x12B)
[1118/135808.655:ERROR:process_memory_win.cc(73)] ReadMemory at 0x1260f909ae0 of 132 bytes failed: Only part of a ReadProcessMemory or WriteProcessMemory request was completed. (0x12B)
[1118/135808.656:ERROR:process_memory_win.cc(73)] ReadMemory at 0x1260f909c10 of 132 bytes failed: Only part of a ReadProcessMemory or WriteProcessMemory request was completed. (0x12B)
[1118/135808.656:ERROR:process_memory_win.cc(73)] ReadMemory at 0x1260f909d40 of 132 bytes failed: Only part of a ReadProcessMemory or WriteProcessMemory request was completed. (0x12B)
[1118/135808.656:ERROR:process_memory_win.cc(73)] ReadMemory at 0x1260f909e70 of 132 bytes failed: Only part of a ReadProcessMemory or WriteProcessMemory request was completed. (0x12B)
[1118/135808.656:ERROR:process_memory_win.cc(73)] ReadMemory at 0x1260f909fa0 of 132 bytes failed: Only part of a ReadProcessMemory or WriteProcessMemory request was completed. (0x12B)
[1118/135808.656:ERROR:process_memory_win.cc(73)] ReadMemory at 0x1260f90a0d0 of 132 bytes failed: Only part of a ReadProcessMemory or WriteProcessMemory request was completed. (0x12B)
[1118/135808.656:ERROR:process_memory_win.cc(73)] ReadMemory at 0x1260f90a200 of 132 bytes failed: Only part of a ReadProcessMemory or WriteProcessMemory request was completed. (0x12B)
[1118/135808.656:ERROR:process_memory_win.cc(73)] ReadMemory at 0x1260f90a330 of 132 bytes failed: Only part of a ReadProcessMemory or WriteProcessMemory request was completed. (0x12B)
[1118/135808.656:ERROR:process_memory_win.cc(73)] ReadMemory at 0x1260f90a460 of 132 bytes failed: Only part of a ReadProcessMemory or WriteProcessMemory request was completed. (0x12B)
[1118/135808.656:ERROR:process_memory_win.cc(73)] ReadMemory at 0x1260f90a590 of 132 bytes failed: Only part of a ReadProcessMemory or WriteProcessMemory request was completed. (0x12B)
[1118/135808.656:ERROR:process_memory_win.cc(73)] ReadMemory at 0x1260f90b0c0 of 80 bytes failed: Only part of a ReadProcessMemory or WriteProcessMemory request was completed. (0x12B)
[1118/135808.656:ERROR:process_memory_win.cc(73)] ReadMemory at 0x1260f90ba20 of 132 bytes failed: Only part of a ReadProcessMemory or WriteProcessMemory request was completed. (0x12B)
[1118/135808.657:ERROR:process_memory_win.cc(73)] ReadMemory at 0x1260f90bb50 of 132 bytes failed: Only part of a ReadProcessMemory or WriteProcessMemory request was completed. (0x12B)
[1118/135808.657:ERROR:process_memory_win.cc(73)] ReadMemory at 0x1260f90bc80 of 132 bytes failed: Only part of a ReadProcessMemory or WriteProcessMemory request was completed. (0x12B)
[1118/135808.657:ERROR:process_memory_win.cc(73)] ReadMemory at 0x1260f90bdb0 of 132 bytes failed: Only part of a ReadProcessMemory or WriteProcessMemory request was completed. (0x12B)
[1118/135808.657:ERROR:process_memory_win.cc(73)] ReadMemory at 0x1260f90c010 of 132 bytes failed: Only part of a ReadProcessMemory or WriteProcessMemory request was completed. (0x12B)
[1118/135808.657:ERROR:process_memory_win.cc(73)] ReadMemory at 0x1260f90c270 of 132 bytes failed: Only part of a ReadProcessMemory or WriteProcessMemory request was completed. (0x12B)
[1118/135808.657:ERROR:process_memory_win.cc(73)] ReadMemory at 0x1260f90c4d0 of 132 bytes failed: Only part of a ReadProcessMemory or WriteProcessMemory request was completed. (0x12B)
[1118/135808.657:ERROR:process_memory_win.cc(73)] ReadMemory at 0x1260f90c600 of 132 bytes failed: Only part of a ReadProcessMemory or WriteProcessMemory request was completed. (0x12B)
[1118/135808.657:ERROR:process_memory_win.cc(73)] ReadMemory at 0x1260f90c730 of 132 bytes failed: Only part of a ReadProcessMemory or WriteProcessMemory request was completed. (0x12B)
[1118/135808.657:ERROR:process_memory_win.cc(73)] ReadMemory at 0x1260f90c860 of 132 bytes failed: Only part of a ReadProcessMemory or WriteProcessMemory request was completed. (0x12B)
[1118/135808.657:ERROR:process_memory_win.cc(73)] ReadMemory at 0x1260f90c990 of 132 bytes failed: Only part of a ReadProcessMemory or WriteProcessMemory request was completed. (0x12B)
[1118/135808.657:ERROR:process_memory_win.cc(73)] ReadMemory at 0x1260f90cac0 of 132 bytes failed: Only part of a ReadProcessMemory or WriteProcessMemory request was completed. (0x12B)
[1118/135808.657:ERROR:process_memory_win.cc(73)] ReadMemory at 0x1260f90cbf0 of 132 bytes failed: Only part of a ReadProcessMemory or WriteProcessMemory request was completed. (0x12B)
[1118/135808.658:ERROR:process_memory_win.cc(73)] ReadMemory at 0x1260f90cd20 of 132 bytes failed: Only part of a ReadProcessMemory or WriteProcessMemory request was completed. (0x12B)
[1118/135808.658:ERROR:process_memory_win.cc(73)] ReadMemory at 0x1260f90cf80 of 132 bytes failed: Only part of a ReadProcessMemory or WriteProcessMemory request was completed. (0x12B)
[1118/135808.658:ERROR:process_memory_win.cc(73)] ReadMemory at 0x1260f90d0b0 of 132 bytes failed: Only part of a ReadProcessMemory or WriteProcessMemory request was completed. (0x12B)
[1118/135808.658:ERROR:process_memory_win.cc(73)] ReadMemory at 0x1260f90d1e0 of 132 bytes failed: Only part of a ReadProcessMemory or WriteProcessMemory request was completed. (0x12B)
[1118/135808.658:ERROR:process_memory_win.cc(73)] ReadMemory at 0x1260f90d310 of 132 bytes failed: Only part of a ReadProcessMemory or WriteProcessMemory request was completed. (0x12B)
[1118/135808.658:ERROR:process_memory_win.cc(73)] ReadMemory at 0x1260f90d440 of 132 bytes failed: Only part of a ReadProcessMemory or WriteProcessMemory request was completed. (0x12B)
[1118/135808.658:ERROR:process_memory_win.cc(73)] ReadMemory at 0x1260f90d6a0 of 132 bytes failed: Only part of a ReadProcessMemory or WriteProcessMemory request was completed. (0x12B)
[1118/135808.658:ERROR:process_memory_win.cc(73)] ReadMemory at 0x1260f90d7d0 of 132 bytes failed: Only part of a ReadProcessMemory or WriteProcessMemory request was completed. (0x12B)
[1118/135808.658:ERROR:process_memory_win.cc(73)] ReadMemory at 0x1260f90db40 of 512 bytes failed: Only part of a ReadProcessMemory or WriteProcessMemory request was completed. (0x12B)
[1118/135808.658:ERROR:process_memory_win.cc(73)] ReadMemory at 0x1260f90df40 of 66 bytes failed: Only part of a ReadProcessMemory or WriteProcessMemory request was completed. (0x12B)
[1118/135808.658:ERROR:process_memory_win.cc(73)] ReadMemory at 0x1260f90e1c0 of 60 bytes failed: Only part of a ReadProcessMemory or WriteProcessMemory request was completed. (0x12B)
[1118/135808.658:ERROR:process_memory_win.cc(73)] ReadMemory at 0x1260f90e3f0 of 60 bytes failed: Only part of a ReadProcessMemory or WriteProcessMemory request was completed. (0x12B)
[1118/135808.659:ERROR:process_memory_win.cc(73)] ReadMemory at 0x1260f916830 of 54 bytes failed: Only part of a ReadProcessMemory or WriteProcessMemory request was completed. (0x12B)
[1118/135808.659:ERROR:process_memory_win.cc(73)] ReadMemory at 0x1260f9191b0 of 512 bytes failed: Only part of a ReadProcessMemory or WriteProcessMemory request was completed. (0x12B)
[1118/135808.659:ERROR:process_memory_win.cc(73)] ReadMemory at 0x1260f919530 of 512 bytes failed: Only part of a ReadProcessMemory or WriteProcessMemory request was completed. (0x12B)
[1118/135808.659:ERROR:process_memory_win.cc(73)] ReadMemory at 0x1260f922620 of 512 bytes failed: Only part of a ReadProcessMemory or WriteProcessMemory request was completed. (0x12B)
[1118/135808.659:ERROR:process_memory_win.cc(73)] ReadMemory at 0x1260f926d30 of 62 bytes failed: Only part of a ReadProcessMemory or WriteProcessMemory request was completed. (0x12B)
[1118/135808.659:ERROR:process_memory_win.cc(73)] ReadMemory at 0x1260f926f60 of 64 bytes failed: Only part of a ReadProcessMemory or WriteProcessMemory request was completed. (0x12B)
[1118/135808.659:ERROR:process_memory_win.cc(73)] ReadMemory at 0x1260f927050 of 64 bytes failed: Only part of a ReadProcessMemory or WriteProcessMemory request was completed. (0x12B)
[1118/135808.659:ERROR:process_memory_win.cc(73)] ReadMemory at 0x1260f9270f0 of 62 bytes failed: Only part of a ReadProcessMemory or WriteProcessMemory request was completed. (0x12B)
[1118/135808.659:ERROR:process_memory_win.cc(73)] ReadMemory at 0x1260f927140 of 60 bytes failed: Only part of a ReadProcessMemory or WriteProcessMemory request was completed. (0x12B)
[1118/135808.659:ERROR:process_memory_win.cc(73)] ReadMemory at 0x1260f9276e0 of 62 bytes failed: Only part of a ReadProcessMemory or WriteProcessMemory request was completed. (0x12B)
[1118/135808.659:ERROR:process_memory_win.cc(73)] ReadMemory at 0x1260f927be0 of 60 bytes failed: Only part of a ReadProcessMemory or WriteProcessMemory request was completed. (0x12B)
[1118/135808.659:ERROR:process_memory_win.cc(73)] ReadMemory at 0x1260f927c30 of 66 bytes failed: Only part of a ReadProcessMemory or WriteProcessMemory request was completed. (0x12B)
[1118/135808.660:ERROR:process_memory_win.cc(73)] ReadMemory at 0x1260f954d00 of 512 bytes failed: Only part of a ReadProcessMemory or WriteProcessMemory request was completed. (0x12B)
[1118/135808.660:ERROR:process_memory_win.cc(73)] ReadMemory at 0x1260f9569b0 of 512 bytes failed: Only part of a ReadProcessMemory or WriteProcessMemory request was completed. (0x12B)
[1118/135808.660:ERROR:process_memory_win.cc(73)] ReadMemory at 0x1260f956d30 of 512 bytes failed: Only part of a ReadProcessMemory or WriteProcessMemory request was completed. (0x12B)
[1118/135808.660:ERROR:process_memory_win.cc(73)] ReadMemory at 0x1260f957f70 of 512 bytes failed: Only part of a ReadProcessMemory or WriteProcessMemory request was completed. (0x12B)
[1118/135808.660:ERROR:process_memory_win.cc(73)] ReadMemory at 0x1260f9582f0 of 512 bytes failed: Only part of a ReadProcessMemory or WriteProcessMemory request was completed. (0x12B)
[1118/135808.660:ERROR:process_memory_win.cc(73)] ReadMemory at 0x1260f9e63a0 of 60 bytes failed: Only part of a ReadProcessMemory or WriteProcessMemory request was completed. (0x12B)
[1118/135808.660:ERROR:process_memory_win.cc(73)] ReadMemory at 0x1260f9e6d00 of 62 bytes failed: Only part of a ReadProcessMemory or WriteProcessMemory request was completed. (0x12B)
[1118/135808.660:ERROR:process_memory_win.cc(73)] ReadMemory at 0x1260fa02680 of 512 bytes failed: Only part of a ReadProcessMemory or WriteProcessMemory request was completed. (0x12B)
[1118/135808.660:ERROR:process_memory_win.cc(73)] ReadMemory at 0x126112e6770 of 512 bytes failed: Only part of a ReadProcessMemory or WriteProcessMemory request was completed. (0x12B)
[1118/135808.660:ERROR:process_memory_win.cc(73)] ReadMemory at 0x126112e6ad0 of 512 bytes failed: Only part of a ReadProcessMemory or WriteProcessMemory request was completed. (0x12B)
[1118/135808.660:ERROR:process_memory_win.cc(73)] ReadMemory at 0x126112e9548 of 512 bytes failed: Only part of a ReadProcessMemory or WriteProcessMemory request was completed. (0x12B)
[1118/135808.660:ERROR:process_memory_win.cc(73)] ReadMemory at 0x126112f31b0 of 512 bytes failed: Only part of a ReadProcessMemory or WriteProcessMemory request was completed. (0x12B)
[1118/135808.661:ERROR:process_memory_win.cc(73)] ReadMemory at 0x12613449c20 of 512 bytes failed: Only part of a ReadProcessMemory or WriteProcessMemory request was completed. (0x12B)
[1118/135808.661:ERROR:process_memory_win.cc(73)] ReadMemory at 0x126135ab440 of 512 bytes failed: Only part of a ReadProcessMemory or WriteProcessMemory request was completed. (0x12B)
[1118/135808.661:ERROR:process_memory_win.cc(73)] ReadMemory at 0x126136a5db0 of 58 bytes failed: Only part of a ReadProcessMemory or WriteProcessMemory request was completed. (0x12B)
[1118/135808.661:ERROR:process_memory_win.cc(73)] ReadMemory at 0x126136da7a0 of 64 bytes failed: Only part of a ReadProcessMemory or WriteProcessMemory request was completed. (0x12B)
[1118/135808.661:ERROR:process_memory_win.cc(73)] ReadMemory at 0x126136f3560 of 62 bytes failed: Only part of a ReadProcessMemory or WriteProcessMemory request was completed. (0x12B)
[1118/135808.661:ERROR:process_memory_win.cc(73)] ReadMemory at 0x126139072a0 of 512 bytes failed: Only part of a ReadProcessMemory or WriteProcessMemory request was completed. (0x12B)
[1118/135808.661:ERROR:process_memory_win.cc(73)] ReadMemory at 0x12613911860 of 512 bytes failed: Only part of a ReadProcessMemory or WriteProcessMemory request was completed. (0x12B)
[1118/135808.661:ERROR:process_memory_win.cc(73)] ReadMemory at 0x1261395fc00 of 512 bytes failed: Only part of a ReadProcessMemory or WriteProcessMemory request was completed. (0x12B)
[1118/135808.661:ERROR:process_memory_win.cc(73)] ReadMemory at 0x7ffa8fe8c64c of 512 bytes failed: Only part of a ReadProcessMemory or WriteProcessMemory request was completed. (0x12B)
[1118/135808.661:ERROR:process_memory_win.cc(73)] ReadMemory at 0x7ffa9006020d of 512 bytes failed: Only part of a ReadProcessMemory or WriteProcessMemory request was completed. (0x12B)
[1118/135808.662:ERROR:process_memory_win.cc(73)] ReadMemory at 0x7ffa9298df5c of 512 bytes failed: Only part of a ReadProcessMemory or WriteProcessMemory request was completed. (0x12B)
[1118/135808.662:ERROR:process_memory_win.cc(73)] ReadMemory at 0x7ffafcdf3b70 of 512 bytes failed: Only part of a ReadProcessMemory or WriteProcessMemory request was completed. (0x12B)
[1118/135808.662:ERROR:process_memory_win.cc(73)] ReadMemory at 0x7ffafd060000 of 384 bytes failed: Only part of a ReadProcessMemory or WriteProcessMemory request was completed. (0x12B)
[1118/135808.662:ERROR:process_memory_win.cc(73)] ReadMemory at 0x7ffafdd19748 of 512 bytes failed: Only part of a ReadProcessMemory or WriteProcessMemory request was completed. (0x12B)
[1118/135808.662:ERROR:process_memory_win.cc(73)] ReadMemory at 0x7ffafeaaff80 of 512 bytes failed: Only part of a ReadProcessMemory or WriteProcessMemory request was completed. (0x12B)
[1118/135808.662:ERROR:process_memory_win.cc(73)] ReadMemory at 0x7ffafeac9b70 of 512 bytes failed: Only part of a ReadProcessMemory or WriteProcessMemory request was completed. (0x12B)
[1118/135808.662:ERROR:process_memory_win.cc(73)] ReadMemory at 0x7ffb0018b694 of 672 bytes failed: Only part of a ReadProcessMemory or WriteProcessMemory request was completed. (0x12B)
[1118/135808.662:ERROR:process_memory_win.cc(73)] ReadMemory at 0x7ffb0018bc94 of 512 bytes failed: Only part of a ReadProcessMemory or WriteProcessMemory request was completed. (0x12B)
[1118/135808.662:ERROR:process_memory_win.cc(73)] ReadMemory at 0x7ffb0018f064 of 512 bytes failed: Only part of a ReadProcessMemory or WriteProcessMemory request was completed. (0x12B)
[1118/135808.662:ERROR:process_memory_win.cc(73)] ReadMemory at 0x7ffb0021f390 of 18 bytes failed: Only part of a ReadProcessMemory or WriteProcessMemory request was completed. (0x12B)
[1118/135808.662:ERROR:process_memory_win.cc(73)] ReadMemory at 0x7ffb002534f8 of 40 bytes failed: Only part of a ReadProcessMemory or WriteProcessMemory request was completed. (0x12B)
[1118/135808.663:ERROR:process_memory_win.cc(73)] ReadMemory at 0x7ffb00253978 of 48 bytes failed: Only part of a ReadProcessMemory or WriteProcessMemory request was completed. (0x12B)
[1118/135808.663:ERROR:process_memory_win.cc(73)] ReadMemory at 0x7ffb002594c0 of 64 bytes failed: Only part of a ReadProcessMemory or WriteProcessMemory request was completed. (0x12B)
[1118/135808.693:ERROR:scoped_process_suspend.cc(40)] NtResumeProcess: An attempt was made to access an exiting process. (0xc000010a)
